<?xml version="1.0" encoding="UTF-8"?>
<!-- Generated by org.testng.reporters.JUnitReportReporter -->
<testsuite hostname="Slogan-Lap" failures="0" tests="1" name="test.TestLoginPageSimple" time="11.849" errors="0" timestamp="2023-10-26T10:20:29 ICT" skipped="0">
  <testcase classname="test.TestLoginPageSimple" name="testLoginPage" time="11.849"/>
</testsuite> <!-- test.TestLoginPageSimple -->
